<?xml version="1.0" encoding="UTF-8"?>
<testsuite name="cl.tenpo.learning.reactive.tasks.task2.application.service.GetAllAuthUsersUseCaseTest$ListAll" tests="2" skipped="0" failures="0" errors="0" timestamp="2025-05-05T19:03:03" hostname="MARGUA0225M" time="0.005">
  <properties/>
  <testcase name="shouldReturnAllUsersSuccessfully()" classname="cl.tenpo.learning.reactive.tasks.task2.application.service.GetAllAuthUsersUseCaseTest$ListAll" time="0.002"/>
  <testcase name="shouldFailWhenAdapterThrowsError()" classname="cl.tenpo.learning.reactive.tasks.task2.application.service.GetAllAuthUsersUseCaseTest$ListAll" time="0.003"/>
  <system-out><![CDATA[[Test worker] 2025-05-05 15:03:03 ?[1;31mERROR?[0;39m ?[36mc.t.l.r.t.t.a.s.GetAllAuthUsersUseCase?[0;39m - [GetAllAuthUsersUseCase] Error retrieving all auth users error -> [Repository failure] 
]]></system-out>
  <system-err><![CDATA[]]></system-err>
</testsuite>
