<?xml version="1.0" encoding="UTF-8"?>
<testsuite name="cl.tenpo.learning.reactive.tasks.task2.infrastructure.controller.AuthorizedUserControllerTest$CreateTests" tests="1" skipped="0" failures="0" errors="0" timestamp="2025-05-05T19:45:26" hostname="MARGUA0225M" time="0.002">
  <properties/>
  <testcase name="shouldCreateUserSuccessfully()" classname="cl.tenpo.learning.reactive.tasks.task2.infrastructure.controller.AuthorizedUserControllerTest$CreateTests" time="0.002"/>
  <system-out><![CDATA[]]></system-out>
  <system-err><![CDATA[]]></system-err>
</testsuite>
