<?xml version="1.0" encoding="UTF-8"?>
<testsuite name="cl.tenpo.learning.reactive.tasks.task2.application.service.CreateAuthUserUseCaseTest$Create" tests="2" skipped="0" failures="0" errors="0" timestamp="2025-05-05T19:03:03" hostname="MARGUA0225M" time="0.075">
  <properties/>
  <testcase name="shouldFailToCreateUserWhenAdapterFails()" classname="cl.tenpo.learning.reactive.tasks.task2.application.service.CreateAuthUserUseCaseTest$Create" time="0.07"/>
  <testcase name="shouldCreateUserSuccessfully()" classname="cl.tenpo.learning.reactive.tasks.task2.application.service.CreateAuthUserUseCaseTest$Create" time="0.003"/>
  <system-out><![CDATA[[Test worker] 2025-05-05 15:03:03 ?[34mINFO ?[0;39m ?[36mc.t.l.r.t.t.a.s.CreateAuthUserUseCase?[0;39m - [CreateAuthUserUseCase] Creating user [AuthorizedUser[userId=8f887582-77c8-401c-b106-b3ea5d3a00b7, name=Marcelo, lastName=Guajardo, email=marcelo.guajardo@tenpo.cl, rol=ADMIN, status=1]] 
[Test worker] 2025-05-05 15:03:03 ?[1;31mERROR?[0;39m ?[36mc.t.l.r.t.t.a.s.CreateAuthUserUseCase?[0;39m - [CreateAuthUserUseCase] Error creating user [AuthorizedUser[userId=8f887582-77c8-401c-b106-b3ea5d3a00b7, name=Marcelo, lastName=Guajardo, email=marcelo.guajardo@tenpo.cl, rol=ADMIN, status=1]] error -> [DB down] 
[Test worker] 2025-05-05 15:03:03 ?[34mINFO ?[0;39m ?[36mc.t.l.r.t.t.a.s.CreateAuthUserUseCase?[0;39m - [CreateAuthUserUseCase] Creating user [AuthorizedUser[userId=b5a446a7-da14-4c16-ac42-5714761760e8, name=Marcelo, lastName=Guajardo, email=marcelo.guajardo@tenpo.cl, rol=ADMIN, status=1]] 
[Test worker] 2025-05-05 15:03:03 ?[34mINFO ?[0;39m ?[36mc.t.l.r.t.t.a.s.CreateAuthUserUseCase?[0;39m - [CreateAuthUserUseCase] User [AuthorizedUser[userId=b5a446a7-da14-4c16-ac42-5714761760e8, name=Marcelo, lastName=Guajardo, email=marcelo.guajardo@tenpo.cl, rol=ADMIN, status=1]] created successfully 
]]></system-out>
  <system-err><![CDATA[]]></system-err>
</testsuite>
