<?xml version="1.0" encoding="UTF-8"?>
<testsuite name="cl.tenpo.learning.reactive.tasks.task2.infrastructure.adapter.CalculateAdapterTest$GetPercentageTests" tests="2" skipped="0" failures="0" errors="0" timestamp="2025-05-05T19:03:03" hostname="MARGUA0225M" time="0.023">
  <properties/>
  <testcase name="shouldPublishEventAndPropagateWhenRetryExhaustedExceptionOccurs()" classname="cl.tenpo.learning.reactive.tasks.task2.infrastructure.adapter.CalculateAdapterTest$GetPercentageTests" time="0.022"/>
  <testcase name="shouldReturnPercentageWhenClientSucceeds()" classname="cl.tenpo.learning.reactive.tasks.task2.infrastructure.adapter.CalculateAdapterTest$GetPercentageTests" time="0.001"/>
  <system-out><![CDATA[[Test worker] 2025-05-05 15:03:04 ?[34mINFO ?[0;39m ?[36mc.t.l.r.t.t.i.a.CalculateAdapter?[0;39m - [CalculateAdapter] External service responds satisfactorily -> [0.25] 
]]></system-out>
  <system-err><![CDATA[]]></system-err>
</testsuite>
