<?xml version="1.0" encoding="UTF-8"?>
<testsuite name="cl.tenpo.learning.reactive.tasks.task2.infrastructure.controller.CalculateControllerTest" tests="0" skipped="0" failures="0" errors="0" timestamp="1970-01-01T00:00:00" hostname="MARGUA0225M" time="0.0">
  <properties/>
  <system-out><![CDATA[
  .   ____          _            __ _ _
 /\\ / ___'_ __ _ _(_)_ __  __ _ \ \ \ \
( ( )\___ | '_ | '_| | '_ \/ _` | \ \ \ \
 \\/  ___)| |_)| | | | | || (_| |  ) ) ) )
  '  |____| .__|_| |_|_| |_\__, | / / / /
 =========|_|==============|___/=/_/_/_/

 :: Spring Boot ::                (v3.3.3)

[Test worker] 2025-05-05 15:03:04 ?[34mINFO ?[0;39m ?[36mc.t.l.r.t.t.i.c.CalculateControllerTest?[0;39m - Starting CalculateControllerTest using Java 21.0.5 with PID 80773 (started by marcelo.guajardo in /Users/marcelo.guajardo/Projects/ultimo entregable/capacitacion-reactivo) 
[Test worker] 2025-05-05 15:03:04 ?[34mINFO ?[0;39m ?[36mc.t.l.r.t.t.i.c.CalculateControllerTest?[0;39m - The following 1 profile is active: "test" 
[Test worker] 2025-05-05 15:03:04 ?[34mINFO ?[0;39m ?[36mc.t.l.r.t.t.i.c.RedisConfig?[0;39m - Connecting to redis, port 6379 and host localhost 
[Test worker] 2025-05-05 15:03:04 ?[1;31mERROR?[0;39m ?[36mi.n.r.d.DnsServerAddressStreamProviders?[0;39m - Unable to load io.netty.resolver.dns.macos.MacOSDnsServerAddressStreamProvider, fallback to system defaults. This may result in incorrect DNS resolutions on MacOS. Check whether you have a dependency on 'io.netty:netty-resolver-dns-native-macos'. Use DEBUG level to see the full stack: java.lang.UnsatisfiedLinkError: failed to load the required native library 
[Test worker] 2025-05-05 15:03:05 ?[34mINFO ?[0;39m ?[36mo.m.d.client?[0;39m - MongoClient with metadata {"driver": {"name": "mongo-java-driver|reactive-streams|spring-boot", "version": "5.0.1"}, "os": {"type": "Darwin", "name": "Mac OS X", "architecture": "aarch64", "version": "15.4"}, "platform": "Java/Oracle Corporation/21.0.5+9-LTS-239"} created with settings MongoClientSettings{readPreference=primary, writeConcern=WriteConcern{w=null, wTimeout=null ms, journal=null}, retryWrites=true, retryReads=true, readConcern=ReadConcern{level=null}, credential=MongoCredential{mechanism=null, userName='mongodb', source='admin', password=<hidden>, mechanismProperties=<hidden>}, transportSettings=NettyTransportSettings{eventLoopGroup=io.netty.channel.nio.NioEventLoopGroup@7b80ac30, socketChannelClass=null, allocator=null, sslContext=null}, commandListeners=[], codecRegistry=ProvidersCodecRegistry{codecProviders=[ValueCodecProvider{}, BsonValueCodecProvider{}, DBRefCodecProvider{}, DBObjectCodecProvider{}, DocumentCodecProvider{}, CollectionCodecProvider{}, IterableCodecProvider{}, MapCodecProvider{}, GeoJsonCodecProvider{}, GridFSFileCodecProvider{}, Jsr310CodecProvider{}, JsonObjectCodecProvider{}, BsonCodecProvider{}, EnumCodecProvider{}, com.mongodb.client.model.mql.ExpressionCodecProvider@8d0253b, com.mongodb.Jep395RecordCodecProvider@f61f06e, com.mongodb.KotlinCodecProvider@437ac2dc]}, loggerSettings=LoggerSettings{maxDocumentLength=1000}, clusterSettings={hosts=[127.0.0.1:27017], srvServiceName=mongodb, mode=SINGLE, requiredClusterType=UNKNOWN, requiredReplicaSetName='null', serverSelector='null', clusterListeners='[]', serverSelectionTimeout='30000 ms', localThreshold='15 ms'}, socketSettings=SocketSettings{connectTimeoutMS=10000, readTimeoutMS=0, receiveBufferSize=0, proxySettings=ProxySettings{host=null, port=null, username=null, password=null}}, heartbeatSocketSettings=SocketSettings{connectTimeoutMS=10000, readTimeoutMS=10000, receiveBufferSize=0, proxySettings=ProxySettings{host=null, port=null, username=null, password=null}}, connectionPoolSettings=ConnectionPoolSettings{maxSize=100, minSize=0, maxWaitTimeMS=120000, maxConnectionLifeTimeMS=0, maxConnectionIdleTimeMS=0, maintenanceInitialDelayMS=0, maintenanceFrequencyMS=60000, connectionPoolListeners=[], maxConnecting=2}, serverSettings=ServerSettings{heartbeatFrequencyMS=10000, minHeartbeatFrequencyMS=500, serverListeners='[]', serverMonitorListeners='[]'}, sslSettings=SslSettings{enabled=false, invalidHostNameAllowed=false, context=null}, applicationName='null', compressorList=[], uuidRepresentation=STANDARD, serverApi=null, autoEncryptionSettings=null, dnsClient=null, inetAddressResolver=null, contextProvider=null} 
[cluster-ClusterId{value='68190b694bf0c02f79ef549e', description='null'}-127.0.0.1:27017] 2025-05-05 15:03:05 ?[34mINFO ?[0;39m ?[36mo.m.d.cluster?[0;39m - Monitor thread successfully connected to server with description ServerDescription{address=127.0.0.1:27017, type=STANDALONE, state=CONNECTED, ok=true, minWireVersion=0, maxWireVersion=25, maxDocumentSize=16777216, logicalSessionTimeoutMinutes=30, roundTripTimeNanos=21472125} 
[Test worker] 2025-05-05 15:03:05 ?[34mINFO ?[0;39m ?[36mc.t.l.r.t.t.i.c.CalculateControllerTest?[0;39m - Started CalculateControllerTest in 1.586 seconds (process running for 2.875) 
]]></system-out>
  <system-err><![CDATA[]]></system-err>
</testsuite>
