<?xml version="1.0" encoding="UTF-8"?>
<testsuite name="cl.tenpo.learning.reactive.tasks.task2.application.service.CreateAuthUserUseCaseTest$Create" tests="2" skipped="0" failures="0" errors="0" timestamp="2025-05-05T19:45:26" hostname="MARGUA0225M" time="0.077">
  <properties/>
  <testcase name="shouldFailToCreateUserWhenAdapterFails()" classname="cl.tenpo.learning.reactive.tasks.task2.application.service.CreateAuthUserUseCaseTest$Create" time="0.072"/>
  <testcase name="shouldCreateUserSuccessfully()" classname="cl.tenpo.learning.reactive.tasks.task2.application.service.CreateAuthUserUseCaseTest$Create" time="0.002"/>
  <system-out><![CDATA[[Test worker] 2025-05-05 15:45:26 ?[34mINFO ?[0;39m ?[36mc.t.l.r.t.t.a.s.CreateAuthUserUseCase?[0;39m - [CreateAuthUserUseCase] Creating user [AuthorizedUser[userId=db8b13e8-2d3f-4c2e-b821-a1684f594a8a, name=Marcelo, lastName=Guajardo, email=marcelo.guajardo@tenpo.cl, rol=ADMIN, status=1]] 
[Test worker] 2025-05-05 15:45:26 ?[1;31mERROR?[0;39m ?[36mc.t.l.r.t.t.a.s.CreateAuthUserUseCase?[0;39m - [CreateAuthUserUseCase] Error creating user [AuthorizedUser[userId=db8b13e8-2d3f-4c2e-b821-a1684f594a8a, name=Marcelo, lastName=Guajardo, email=marcelo.guajardo@tenpo.cl, rol=ADMIN, status=1]] error -> [DB down] 
[Test worker] 2025-05-05 15:45:26 ?[34mINFO ?[0;39m ?[36mc.t.l.r.t.t.a.s.CreateAuthUserUseCase?[0;39m - [CreateAuthUserUseCase] Creating user [AuthorizedUser[userId=1b205ead-087d-4573-994e-ecfebb5b8b9d, name=Marcelo, lastName=Guajardo, email=marcelo.guajardo@tenpo.cl, rol=ADMIN, status=1]] 
[Test worker] 2025-05-05 15:45:26 ?[34mINFO ?[0;39m ?[36mc.t.l.r.t.t.a.s.CreateAuthUserUseCase?[0;39m - [CreateAuthUserUseCase] User [AuthorizedUser[userId=1b205ead-087d-4573-994e-ecfebb5b8b9d, name=Marcelo, lastName=Guajardo, email=marcelo.guajardo@tenpo.cl, rol=ADMIN, status=1]] created successfully 
]]></system-out>
  <system-err><![CDATA[]]></system-err>
</testsuite>
