<?xml version="1.0" encoding="UTF-8"?>
<testsuite name="cl.tenpo.learning.reactive.tasks.task2.application.service.UpdateAuthUserUseCaseTest$Update" tests="3" skipped="0" failures="0" errors="0" timestamp="2025-05-05T19:45:26" hostname="MARGUA0225M" time="0.009">
  <properties/>
  <testcase name="shouldUpdateUserSuccessfully()" classname="cl.tenpo.learning.reactive.tasks.task2.application.service.UpdateAuthUserUseCaseTest$Update" time="0.003"/>
  <testcase name="shouldFailWhenUserNotFound()" classname="cl.tenpo.learning.reactive.tasks.task2.application.service.UpdateAuthUserUseCaseTest$Update" time="0.001"/>
  <testcase name="shouldFailWhenAdapterThrowsError()" classname="cl.tenpo.learning.reactive.tasks.task2.application.service.UpdateAuthUserUseCaseTest$Update" time="0.002"/>
  <system-out><![CDATA[[Test worker] 2025-05-05 15:45:26 ?[34mINFO ?[0;39m ?[36mc.t.l.r.t.t.a.s.UpdateAuthUserUseCase?[0;39m - [UpdateAuthUserUseCase] User [AuthorizedUser[userId=81559685-d95c-4dcc-ba42-2da0f79be0a2, name=Marcelo, lastName=Guajardo, email=marcelo.guajardo@tenpo.cl, rol=USER, status=1]] updated successfully 
[Test worker] 2025-05-05 15:45:26 ?[1;31mERROR?[0;39m ?[36mc.t.l.r.t.t.a.s.UpdateAuthUserUseCase?[0;39m - [UpdateAuthUserUseCase] Error updating user [AuthorizedUser[userId=474357d6-e22f-422f-8814-506ef8fc2ae1, name=Marcelo, lastName=Guajardo, email=marcelo.guajardo@tenpo.cl, rol=USER, status=1]] error -> [Cannot update a user that does not exist in the database] 
[Test worker] 2025-05-05 15:45:26 ?[1;31mERROR?[0;39m ?[36mc.t.l.r.t.t.a.s.UpdateAuthUserUseCase?[0;39m - [UpdateAuthUserUseCase] Error updating user [AuthorizedUser[userId=cab990bd-10ad-402c-a0c8-ba13b312bf0f, name=Marcelo, lastName=Guajardo, email=marcelo.guajardo@tenpo.cl, rol=USER, status=1]] error -> [DB error] 
]]></system-out>
  <system-err><![CDATA[]]></system-err>
</testsuite>
