<?xml version="1.0" encoding="UTF-8"?>
<testsuite name="Calculate percentage test" tests="1" skipped="0" failures="0" errors="0" timestamp="2025-05-05T19:03:05" hostname="MARGUA0225M" time="0.087">
  <properties/>
  <testcase name="Make correctly calculation" classname="cl.tenpo.learning.reactive.tasks.task2.infrastructure.controller.CalculateControllerTest$CalculatePercentageTest" time="0.087"/>
  <system-out><![CDATA[[reactor-http-nio-2] 2025-05-05 15:03:05 ?[34mINFO ?[0;39m ?[36mc.t.l.r.t.t.i.a.CalculateAdapter?[0;39m - [CalculateAdapter] External service responds satisfactorily -> [0.67] 
]]></system-out>
  <system-err><![CDATA[]]></system-err>
</testsuite>
